<?xml version="1.0" encoding="UTF-8"?>
<testsuite name="agh.ics.oop.Vector2dTest" tests="1" skipped="0" failures="0" errors="0" timestamp="2021-10-27T19:47:51" hostname="MSZEWC" time="0.021">
  <properties/>
  <testcase name="oppositeTest()" classname="agh.ics.oop.Vector2dTest" time="0.021"/>
  <system-out><![CDATA[]]></system-out>
  <system-err><![CDATA[]]></system-err>
</testsuite>
